[11:44:41] Using gulpfile ~\Home\FT\private\meanjs\gulpfile.js
[11:44:41] Starting 'test'...
[11:44:41] Starting 'env:test'...
[11:44:41] Finished 'env:test' after 92 μs
[11:44:41] Starting 'test:server'...
[11:44:41] Starting 'env:test'...
[11:44:41] Finished 'env:test' after 73 μs
[11:44:41] Starting 'copyLocalEnvConfig'...
[11:44:41] Starting 'makeUploadsDir'...
[11:44:41] Finished 'makeUploadsDir' after 315 μs
[11:44:41] Starting 'dropdb'...


+ Important warning: config.domain is empty. It should be set to the fully qualified domain of the app.
[11:44:42] Finished 'copyLocalEnvConfig' after 504 ms
Successfully dropped db:  mean-test
[11:44:42] Finished 'dropdb' after 611 ms
[11:44:42] Starting 'lint'...
[11:44:42] Starting 'less'...
[11:44:42] Finished 'less' after 422 ms
[11:44:42] Starting 'sass'...
[11:44:42] Finished 'sass' after 18 ms
[11:44:42] Starting 'csslint'...
[11:44:42] Starting 'eslint'...
[11:44:43] Finished 'csslint' after 1.04 s
[11:44:49] 
C:\Users\user\Home\FT\private\meanjs\modules\plants\server\controllers\plants.server.controller.js
  10:26  error  Expected variable declaration to be on a new line                                                           one-var-declaration-per-line
  10:81  error  Missing whitespace after semicolon                                                                          semi-spacing
  10:82  error  Unnecessary semicolon                                                                                       no-extra-semi
  18:14  error  A space is required after '{'                                                                               object-curly-spacing
  18:22  error  Missing space before value for key 'status'                                                                 key-spacing
  20:4   error  A space is required before '}'                                                                              object-curly-spacing
  22:3   error  The body of a for-in should be wrapped in an if statement to filter unwanted properties from the prototype  guard-for-in
  22:3   error  Expected space(s) after "for"                                                                               keyword-spacing
  22:30  error  Missing space before opening brace                                                                          space-before-blocks
  24:5   error  Expected space(s) after "if"                                                                                keyword-spacing
  24:49  error  Missing space before opening brace                                                                          space-before-blocks
  26:17  error  A space is required after '{'                                                                               object-curly-spacing
  26:23  error  Missing space before value for key 'body'                                                                   key-spacing
  26:33  error  Missing space before value for key 'user'                                                                   key-spacing
  26:41  error  A space is required before '}'                                                                              object-curly-spacing
  27:33  error  A space is required after ','                                                                               comma-spacing
  28:23  error  Infix operators must be spaced                                                                              space-infix-ops

C:\Users\user\Home\FT\private\meanjs\modules\plants\server\controllers\uses.server.controller.js
  10:26  error  Expected variable declaration to be on a new line                             one-var-declaration-per-line
  15:21  error  A space is required after ','                                                 comma-spacing
  15:26  error  Missing space before opening brace                                            space-before-blocks
  33:3   error  Expected space(s) after "if"                                                  keyword-spacing
  33:58  error  Missing space before opening brace                                            space-before-blocks
  44:18  error  Infix operators must be spaced                                                space-infix-ops
  46:20  error  A space is required after ','                                                 comma-spacing
  50:3   error  Closing curly brace does not appear on the same line as the subsequent block  brace-style
  51:3   error  Expected space(s) after "else"                                                keyword-spacing
  52:16  error  A space is required after ','                                                 comma-spacing
  52:21  error  Missing semicolon                                                             semi

C:\Users\user\Home\FT\private\meanjs\modules\plants\server\models\plant.server.model.js
  39:9  error  Missing space before value for key 'image'  key-spacing

C:\Users\user\Home\FT\private\meanjs\modules\plants\server\models\theme.server.model.js
  13:8  error  Missing space before value for key 'icon'  key-spacing

C:\Users\user\Home\FT\private\meanjs\modules\pois\server\models\poi.server.model.js
  28:15  error  Missing space before value for key 'longitude'    key-spacing
  32:14  error  Missing space before value for key 'latitude'     key-spacing
  37:9   error  Missing space before value for key 'icone'        key-spacing
  41:13  error  Missing space before value for key 'fillcolor'    key-spacing
  45:15  error  Missing space before value for key 'strokecolor'  key-spacing
  49:14  error  Missing space before value for key 'labelcolor'   key-spacing
  53:9   error  Missing space before value for key 'label'        key-spacing
  57:9   error  Missing space before value for key 'typep'        key-spacing
  61:9   error  Missing space before value for key 'image'        key-spacing
  65:10  error  Missing space before value for key 'people'       key-spacing
  67:38  error  Infix operators must be spaced                    space-infix-ops
  69:9   error  Missing space before value for key 'plant'        key-spacing
  72:12  error  Missing space before value for key 'panorama'     key-spacing

C:\Users\user\Home\FT\private\meanjs\modules\ditus\client\controllers\ditus.client.controller.js
   3:1  error  More than 2 blank lines not allowed  no-multiple-empty-lines
   5:1  error  Trailing spaces not allowed          no-trailing-spaces
  22:1  error  More than 2 blank lines not allowed  no-multiple-empty-lines

C:\Users\user\Home\FT\private\meanjs\modules\ditus\client\controllers\list-ditus.client.controller.js
   3:1   error  Trailing spaces not allowed          no-trailing-spaces
   3:1   error  More than 2 blank lines not allowed  no-multiple-empty-lines
   5:1   error  Trailing spaces not allowed          no-trailing-spaces
  10:42  error  A space is required after ','        comma-spacing
  12:38  error  A space is required after ','        comma-spacing
  14:16  error  Infix operators must be spaced       space-infix-ops
  21:1   error  Trailing spaces not allowed          no-trailing-spaces

C:\Users\user\Home\FT\private\meanjs\modules\plants\client\controllers\list-plants.client.controller.js
   8:50  error    A space is required after ','                                                                               comma-spacing
   8:59  error    A space is required after ','                                                                               comma-spacing
  10:46  error    A space is required after ','                                                                               comma-spacing
  10:53  error    A space is required after ','                                                                               comma-spacing
  14:19  warning  Strings must use singlequote                                                                                quotes
  17:26  error    Missing space before opening brace                                                                          space-before-blocks
  18:7   error    The body of a for-in should be wrapped in an if statement to filter unwanted properties from the prototype  guard-for-in
  18:7   error    Expected space(s) after "for"                                                                               keyword-spacing
  18:28  error    Missing space before opening brace                                                                          space-before-blocks
  19:27  error    Infix operators must be spaced                                                                              space-infix-ops
  19:41  error    A space is required after ','                                                                               comma-spacing
  21:10  error    A space is required after ','                                                                               comma-spacing
  25:6   error    Unnecessary semicolon                                                                                       no-extra-semi
  40:11  error    Expected space(s) after "for"                                                                               keyword-spacing
  40:11  error    The body of a for-in should be wrapped in an if statement to filter unwanted properties from the prototype  guard-for-in
  40:31  error    Missing space before opening brace                                                                          space-before-blocks
  42:17  error    Expected literal to be on the right side of ===                                                             yoda
  42:49  error    Missing space before opening brace                                                                          space-before-blocks
  43:37  error    Infix operators must be spaced                                                                              space-infix-ops
  46:15  warning  Strings must use singlequote                                                                                quotes
  47:15  warning  Strings must use singlequote                                                                                quotes
  48:15  warning  Strings must use singlequote                                                                                quotes
  49:15  warning  Strings must use singlequote                                                                                quotes
  50:15  warning  Strings must use singlequote                                                                                quotes
  51:15  warning  Strings must use singlequote                                                                                quotes
  52:15  warning  Strings must use singlequote                                                                                quotes
  56:27  error    Missing semicolon                                                                                           semi
  61:1   error    More than 2 blank lines not allowed                                                                         no-multiple-empty-lines

✖ 81 problems (73 errors, 8 warnings)

[11:44:49] Finished 'eslint' after 6.46 s
[11:44:49] Finished 'lint' after 6.96 s
[11:44:49] Starting 'mocha'...
unable to find logging file configuration


  Configuration Tests:
    Testing default seedDB
      √ should have seedDB configuration set for "regular" user
      √ should have seedDB configuration set for admin user
      √ should not be an admin user to begin with (185ms)
      √ should not be a "regular" user to begin with
      √ should seed ONLY the admin user account when NODE_ENV is set to "production" (61ms)
      √ should seed admin, and "regular" user accounts when NODE_ENV is set to "test" (60ms)
      √ should seed admin, and "regular" user accounts when NODE_ENV is set to "test" when they already exist (74ms)
      √ should ONLY seed admin user account when NODE_ENV is set to "production" with custom admin (40ms)
      √ should seed admin, and "regular" user accounts when NODE_ENV is set to "test" with custom options (66ms)
      √ should NOT seed admin user account if it already exists when NODE_ENV is set to "production"
      √ should NOT seed "regular" user account if missing email when NODE_ENV set to "test"
    Testing Session Secret Configuration
      √ should warn if using default session secret when running in production
      √ should accept non-default session secret when running in production
      √ should accept default session secret when running in development
      √ should accept default session secret when running in test
    Testing Logger Configuration
      √ should retrieve the log format from the logger configuration
      √ should retrieve the log options from the logger configuration for a valid stream object
      √ should verify that a file logger object was created using the logger configuration
      √ should use the default log format of "combined" when an invalid format was provided
unable to find logging file configuration
      √ should not create a file transport object if critical options are missing: filename
unable to find logging file configuration
      √ should not create a file transport object if critical options are missing: directory
    Testing exposing environment as a variable to layout
      √ should expose environment set to development (1122ms)
      √ should expose environment set to production (78ms)
      √ should expose environment set to test

  Ditu Model Unit Tests:
    Method Save
      1) should be able to save without problems
      2) should be able to show an error when try to save without name

  Ditu CRUD tests
    3) should be able to save a Ditu if logged in
    √ should not be able to save an Ditu if not logged in
    4) should not be able to save an Ditu if no name is provided
    5) should be able to update an Ditu if signed in
    √ should be able to get a list of Ditus if not signed in
    √ should be able to get a single Ditu if not signed in
    √ should return proper error for single Ditu with an invalid Id, if not signed in
    √ should return proper error for single Ditu which doesnt exist, if not signed in
    6) should be able to delete an Ditu if signed in
    √ should not be able to delete an Ditu if not signed in
    7) should be able to get a single Ditu that has an orphaned user reference

  Use Model Unit Tests:
    Method Save
      8) should be able to save without problems
      9) should be able to show an error when try to save without name

  Use CRUD tests
    10) should be able to save a Use if logged in
    √ should not be able to save an Use if not logged in
    11) should not be able to save an Use if no name is provided
    12) should be able to update an Use if signed in
    13) should be able to get a list of Uses if not signed in
    14) should be able to get a single Use if not signed in
    √ should return proper error for single Use with an invalid Id, if not signed in
    √ should return proper error for single Use which doesnt exist, if not signed in
    15) should be able to delete an Use if signed in
    16) should not be able to delete an Use if not signed in
    17) should be able to get a single Use that has an orphaned user reference

  Plant Model Unit Tests:
    Method Save
      18) should be able to save without problems
      19) should be able to show an error when try to save without name

  Plant CRUD tests
    20) should be able to save a Plant if logged in
    √ should not be able to save an Plant if not logged in
    21) should not be able to save an Plant if no name is provided
    22) should be able to update an Plant if signed in
    23) should be able to get a list of Plants if not signed in
    24) should be able to get a single Plant if not signed in
    √ should return proper error for single Plant with an invalid Id, if not signed in
    √ should return proper error for single Plant which doesnt exist, if not signed in
    25) should be able to delete an Plant if signed in
    26) should not be able to delete an Plant if not signed in
    27) should be able to get a single Plant that has an orphaned user reference

  Theme Model Unit Tests:
    Method Save
      28) should be able to save without problems
      29) should be able to show an error when try to save without name

  Theme CRUD tests
    30) should be able to save a Theme if logged in
    √ should not be able to save an Theme if not logged in
    31) should not be able to save an Theme if no name is provided
    32) should be able to update an Theme if signed in
    √ should be able to get a list of Themes if not signed in
    √ should be able to get a single Theme if not signed in
    √ should return proper error for single Theme with an invalid Id, if not signed in
    √ should return proper error for single Theme which doesnt exist, if not signed in
    33) should be able to delete an Theme if signed in
    √ should not be able to delete an Theme if not signed in
    34) should be able to get a single Theme that has an orphaned user reference

  Poi Model Unit Tests:
    Method Save
      35) should be able to save without problems
      36) should be able to show an error when try to save without name

  Poi CRUD tests
    37) should be able to save a Poi if logged in
    √ should not be able to save an Poi if not logged in
    38) should not be able to save an Poi if no name is provided
    39) should be able to update an Poi if signed in
    40) should be able to get a list of Pois if not signed in
    41) should be able to get a single Poi if not signed in
    √ should return proper error for single Poi with an invalid Id, if not signed in
    √ should return proper error for single Poi which doesnt exist, if not signed in
    42) should be able to delete an Poi if signed in
    43) should not be able to delete an Poi if not signed in
    44) should be able to get a single Poi that has an orphaned user reference

  User Model Unit Tests:
    Method Save
      √ should begin with no users
      √ should be able to save without problems (39ms)
      √ should fail to save an existing user again (76ms)
      √ should be able to show an error when trying to save without first name
      √ should be able to update an existing user with valid roles without problems (45ms)
      √ should be able to show an error when trying to update an existing user without a role (41ms)
      √ should be able to show an error when trying to update an existing user with a invalid role (47ms)
      √ should confirm that saving user model doesnt change the password (50ms)
      √ should be able to save 2 different users (121ms)
      √ should not be able to save another user with the same email address (83ms)
      √ should not index missing email field, thus not enforce the model's unique index (99ms)
      √ should not save the password in plain text
      √ should not save the passphrase in plain text
    User Password Validation Tests
      √ should validate when the password strength passes - "P@$$w0rd!!"
      √ should validate a randomly generated passphrase from the static schema method
      √ should validate when the password is undefined
      √ should validate when the passphrase strength passes - "Open-Source Full-Stack Solution For MEAN Applications"
      √ should not allow a password less than 10 characters long - "P@$$w0rd!"
      √ should not allow a password greater than 128 characters long.
      √ should not allow a password with 3 or more repeating characters - "P@$$w0rd!!!"
      √ should not allow a password with no uppercase letters - "p@$$w0rd!!"
      √ should not allow a password with less than one number - "P@$$word!!"
      √ should not allow a password with less than one special character - "Passw0rdss"
    User E-mail Validation Tests
      √ should not allow invalid email address - "123"
      √ should not allow invalid email address - "123@123@123"
      √ should allow email address - "123@123" (101ms)
      √ should not allow invalid email address - "123.com"
      √ should not allow invalid email address - "@123.com"
      √ should not allow invalid email address - "abc@abc@abc.com"
      √ should not allow invalid characters in email address - "abc~@#$%^&*()ef=@abc.com"
      √ should not allow space characters in email address - "abc def@abc.com"
      √ should not allow doudble quote characters in email address - "abc"def@abc.com"
      √ should not allow double dotted characters in email address - "abcdef@abc..com"
      √ should allow single quote characters in email address - "abc'def@abc.com"
      √ should allow valid email address - "abc@abc.com"
      √ should allow valid email address - "abc+def@abc.com"
      √ should allow valid email address - "abc.def@abc.com"
      √ should allow valid email address - "abc.def@abc.def.com" (167ms)
      √ should allow valid email address - "abc-def@abc.com" (40ms)
    Username Validation
      √ should show error to save username beginning with .
      √ should be able to show an error when try to save with not allowed username
      √ should show error to save username end with .
      √ should show error to save username with ..
      √ should show error to save username shorter than 3 character
      √ should show error saving a username without at least one alphanumeric character
      √ should show error saving a username longer than 34 characters
      √ should save username with dot

  User CRUD tests
    √ should be able to register a new user
    √ should be able to login with username successfully and logout successfully (43ms)
    √ should be able to login with email successfully and logout successfully (39ms)
    √ should not be able to retrieve a list of users if not admin
    √ should be able to retrieve a list of users if admin (48ms)
    √ should be able to get a single user details if admin (50ms)
    √ should be able to update a single user details if admin (50ms)
    √ should be able to delete a single user if admin (46ms)
    √ forgot password should return 400 for non-existent username
    √ forgot password should return 400 for no username provided
    √ forgot password should return 400 for non-local provider set for the user object
    √ forgot password should be able to reset password for user password reset request (1032ms)
    √ forgot password should be able to reset the password using reset token (1035ms)
    √ forgot password should return error when using invalid reset token (1029ms)
    √ should be able to change user own password successfully (121ms)
    √ should not be able to change user own password if wrong verifyPassword is given (68ms)
    √ should not be able to change user own password if wrong currentPassword is given (64ms)
    √ should not be able to change user own password if no new password is at all given (52ms)
    √ should not be able to change user own password if not signed in
    √ should be able to get own user details successfully (40ms)
    √ should not be able to get any user details if not logged in
    √ should be able to update own user details (48ms)
    √ should not be able to update own user details and add roles if not admin (43ms)
    √ should not be able to update own user details with existing username (72ms)
    √ should not be able to update own user details with existing email (194ms)
    √ should not be able to update secure fields (68ms)
    √ should not be able to update own user details if not logged-in
    √ should not be able to update own user profile picture without being logged-in
    √ should be able to change profile picture if signed in (94ms)
    √ should not be able to change profile picture if attach a picture with a different field name (63ms)
    √ should not be able to upload a non-image file as a profile picture (58ms)
    √ should not be able to change profile picture to too big of a file (374ms)

  Article Admin CRUD tests
    √ should be able to save an article if logged in (962ms)
    √ should be able to update an article if signed in (56ms)
    √ should not be able to save an article if no title is provided (43ms)
    √ should be able to delete an article if signed in (59ms)
    √ should be able to get a single article if signed in and verify the custom "isCurrentUserOwner" field is set to "true" (57ms)

  Article Model Unit Tests:
    Method Save
      √ should be able to save without problems
      √ should be able to show an error when try to save without title

  Article CRUD tests
    √ should not be able to save an article if logged in without the "admin" role (310ms)
    √ should not be able to save an article if not logged in
    √ should not be able to update an article if signed in without the "admin" role (55ms)
    √ should be able to get a list of articles if not signed in
    √ should be able to get a single article if not signed in
    √ should return proper error for single article with an invalid Id, if not signed in
    √ should return proper error for single article which doesnt exist, if not signed in
    √ should not be able to delete an article if signed in without the "admin" role (48ms)
    √ should not be able to delete an article if not signed in
    √ should be able to get a single article that has an orphaned user reference (233ms)
    √ should be able to get a single article if not signed in and verify the custom "isCurrentUserOwner" field is set to "false"
    √ should be able to get single article, that a different user created, if logged in & verify the "isCurrentUserOwner" field is set to "false" (153ms)


  143 passing (16s)
  44 failing

  1) Ditu Model Unit Tests: Method Save should be able to save without problems:
     Error: Resolution method is overspecified. Specify a callback *or* return a Promise; not both.
    at modules\ditus\tests\server\ditu.server.model.tests.js:46:9
    at node_modules\mongoose\lib\model.js:3743:16
    at node_modules\mongoose\lib\services\model\applyHooks.js:148:20
    at _combinedTickCallback (internal/process/next_tick.js:67:7)
    at process._tickDomainCallback (internal/process/next_tick.js:122:9)
  

  2) Ditu Model Unit Tests: Method Save should be able to show an error when try to save without name:
     Error: Resolution method is overspecified. Specify a callback *or* return a Promise; not both.
    at modules\ditus\tests\server\ditu.server.model.tests.js:55:9
    at node_modules\mongoose\lib\model.js:3743:16
    at node_modules\mongoose\lib\services\model\applyHooks.js:153:17
    at _combinedTickCallback (internal/process/next_tick.js:67:7)
    at process._tickDomainCallback (internal/process/next_tick.js:122:9)
  

  3) Ditu CRUD tests should be able to save a Ditu if logged in:
     Error: expected 200 "OK", got 422 "Unprocessable Entity"
    at Test._assertStatus (node_modules\supertest\lib\test.js:266:12)
    at Test._assertFunction (node_modules\supertest\lib\test.js:281:11)
    at Test.assert (node_modules\supertest\lib\test.js:171:18)
    at Server.assert (node_modules\supertest\lib\test.js:131:12)
    at emitCloseNT (net.js:1555:8)
    at _combinedTickCallback (internal/process/next_tick.js:71:11)
    at process._tickDomainCallback (internal/process/next_tick.js:122:9)
  

  4) Ditu CRUD tests should not be able to save an Ditu if no name is provided:
     Error: expected 200 "OK", got 422 "Unprocessable Entity"
    at Test._assertStatus (node_modules\supertest\lib\test.js:266:12)
    at Test._assertFunction (node_modules\supertest\lib\test.js:281:11)
    at Test.assert (node_modules\supertest\lib\test.js:171:18)
    at Server.assert (node_modules\supertest\lib\test.js:131:12)
    at emitCloseNT (net.js:1555:8)
    at _combinedTickCallback (internal/process/next_tick.js:71:11)
    at process._tickDomainCallback (internal/process/next_tick.js:122:9)
  

  5) Ditu CRUD tests should be able to update an Ditu if signed in:
     Error: expected 200 "OK", got 422 "Unprocessable Entity"
    at Test._assertStatus (node_modules\supertest\lib\test.js:266:12)
    at Test._assertFunction (node_modules\supertest\lib\test.js:281:11)
    at Test.assert (node_modules\supertest\lib\test.js:171:18)
    at Server.assert (node_modules\supertest\lib\test.js:131:12)
    at emitCloseNT (net.js:1555:8)
    at _combinedTickCallback (internal/process/next_tick.js:71:11)
    at process._tickDomainCallback (internal/process/next_tick.js:122:9)
  

  6) Ditu CRUD tests should be able to delete an Ditu if signed in:
     Error: expected 200 "OK", got 422 "Unprocessable Entity"
    at Test._assertStatus (node_modules\supertest\lib\test.js:266:12)
    at Test._assertFunction (node_modules\supertest\lib\test.js:281:11)
    at Test.assert (node_modules\supertest\lib\test.js:171:18)
    at Server.assert (node_modules\supertest\lib\test.js:131:12)
    at emitCloseNT (net.js:1555:8)
    at _combinedTickCallback (internal/process/next_tick.js:71:11)
    at process._tickDomainCallback (internal/process/next_tick.js:122:9)
  

  7) Ditu CRUD tests should be able to get a single Ditu that has an orphaned user reference:
     Error: expected 200 "OK", got 422 "Unprocessable Entity"
    at Test._assertStatus (node_modules\supertest\lib\test.js:266:12)
    at Test._assertFunction (node_modules\supertest\lib\test.js:281:11)
    at Test.assert (node_modules\supertest\lib\test.js:171:18)
    at Server.assert (node_modules\supertest\lib\test.js:131:12)
    at emitCloseNT (net.js:1555:8)
    at _combinedTickCallback (internal/process/next_tick.js:71:11)
    at process._tickDomainCallback (internal/process/next_tick.js:122:9)
  

  8) Use Model Unit Tests: Method Save should be able to save without problems:
     Uncaught AssertionError: expected MongooseError {
  errors: Object {
    theme: MongooseError {
      message: 'please associate use with a theme',
      name: 'ValidatorError',
      properties: Object {
        type: 'required',
        message: 'please associate use with a theme',
        validator: Function { name: '' },
        path: 'theme',
        value: undefined
      },
      kind: 'required',
      path: 'theme',
      value: undefined,
      reason: undefined
    },
    desc: MongooseError {
      message: 'Please fill desc',
      name: 'ValidatorError',
      properties: Object {
        type: 'required',
        message: 'Please fill desc',
        validator: Function { name: '' },
        path: 'desc',
        value: ''
      },
      kind: 'required',
      path: 'desc',
      value: '',
      reason: undefined
    }
  },
  message: 'Use validation failed',
  name: 'ValidationError'
} to not exist
    at modules\ditus\tests\server\use.server.model.tests.js:45:20
    at node_modules\mongoose\lib\model.js:3743:16
    at node_modules\mongoose\lib\services\model\applyHooks.js:153:17
    at _combinedTickCallback (internal/process/next_tick.js:67:7)
    at process._tickDomainCallback (internal/process/next_tick.js:122:9)
  

  9) Use Model Unit Tests: Method Save should be able to show an error when try to save without name:
     Error: Resolution method is overspecified. Specify a callback *or* return a Promise; not both.
    at modules\ditus\tests\server\use.server.model.tests.js:55:9
    at node_modules\mongoose\lib\model.js:3743:16
    at node_modules\mongoose\lib\services\model\applyHooks.js:153:17
    at _combinedTickCallback (internal/process/next_tick.js:67:7)
    at process._tickDomainCallback (internal/process/next_tick.js:122:9)
  

  10) Use CRUD tests should be able to save a Use if logged in:
     Error: expected 200 "OK", got 422 "Unprocessable Entity"
    at Test._assertStatus (node_modules\supertest\lib\test.js:266:12)
    at Test._assertFunction (node_modules\supertest\lib\test.js:281:11)
    at Test.assert (node_modules\supertest\lib\test.js:171:18)
    at Server.assert (node_modules\supertest\lib\test.js:131:12)
    at emitCloseNT (net.js:1555:8)
    at _combinedTickCallback (internal/process/next_tick.js:71:11)
    at process._tickDomainCallback (internal/process/next_tick.js:122:9)
  

  11) Use CRUD tests should not be able to save an Use if no name is provided:
     Error: expected 200 "OK", got 422 "Unprocessable Entity"
    at Test._assertStatus (node_modules\supertest\lib\test.js:266:12)
    at Test._assertFunction (node_modules\supertest\lib\test.js:281:11)
    at Test.assert (node_modules\supertest\lib\test.js:171:18)
    at Server.assert (node_modules\supertest\lib\test.js:131:12)
    at emitCloseNT (net.js:1555:8)
    at _combinedTickCallback (internal/process/next_tick.js:71:11)
    at process._tickDomainCallback (internal/process/next_tick.js:122:9)
  

  12) Use CRUD tests should be able to update an Use if signed in:
     Error: expected 200 "OK", got 422 "Unprocessable Entity"
    at Test._assertStatus (node_modules\supertest\lib\test.js:266:12)
    at Test._assertFunction (node_modules\supertest\lib\test.js:281:11)
    at Test.assert (node_modules\supertest\lib\test.js:171:18)
    at Server.assert (node_modules\supertest\lib\test.js:131:12)
    at emitCloseNT (net.js:1555:8)
    at _combinedTickCallback (internal/process/next_tick.js:71:11)
    at process._tickDomainCallback (internal/process/next_tick.js:122:9)
  

  13) Use CRUD tests should be able to get a list of Uses if not signed in:
     Uncaught AssertionError: expected Array [] to have property length of 1 (got 0)
    at Assertion.fail (node_modules\should\cjs\should.js:258:17)
    at Assertion.value (node_modules\should\cjs\should.js:335:19)
    at Test.<anonymous> (modules\ditus\tests\server\use.server.routes.tests.js:203:57)
    at Test.assert (node_modules\supertest\lib\test.js:179:6)
    at Server.assert (node_modules\supertest\lib\test.js:131:12)
    at emitCloseNT (net.js:1555:8)
    at _combinedTickCallback (internal/process/next_tick.js:71:11)
    at process._tickDomainCallback (internal/process/next_tick.js:122:9)
  

  14) Use CRUD tests should be able to get a single Use if not signed in:
     Uncaught AssertionError: expected Object { message: 'No Use with that identifier has been found' } to have property name
    at Assertion.fail (node_modules\should\cjs\should.js:258:17)
    at Assertion.value [as property] (node_modules\should\cjs\should.js:335:19)
    at Test.<anonymous> (modules\ditus\tests\server\use.server.routes.tests.js:221:58)
    at Test.assert (node_modules\supertest\lib\test.js:179:6)
    at Server.assert (node_modules\supertest\lib\test.js:131:12)
    at emitCloseNT (net.js:1555:8)
    at _combinedTickCallback (internal/process/next_tick.js:71:11)
    at process._tickDomainCallback (internal/process/next_tick.js:122:9)
  

  15) Use CRUD tests should be able to delete an Use if signed in:
     Error: expected 200 "OK", got 422 "Unprocessable Entity"
    at Test._assertStatus (node_modules\supertest\lib\test.js:266:12)
    at Test._assertFunction (node_modules\supertest\lib\test.js:281:11)
    at Test.assert (node_modules\supertest\lib\test.js:171:18)
    at Server.assert (node_modules\supertest\lib\test.js:131:12)
    at emitCloseNT (net.js:1555:8)
    at _combinedTickCallback (internal/process/next_tick.js:71:11)
    at process._tickDomainCallback (internal/process/next_tick.js:122:9)
  

  16) Use CRUD tests should not be able to delete an Use if not signed in:
     Uncaught AssertionError: expected 'No Use with that identifier has been found' to match 'User is not authorized'
    at Assertion.fail (node_modules\should\cjs\should.js:258:17)
    at Assertion.value (node_modules\should\cjs\should.js:335:19)
    at Test.<anonymous> (modules\ditus\tests\server\use.server.routes.tests.js:310:46)
    at Test.assert (node_modules\supertest\lib\test.js:179:6)
    at Server.assert (node_modules\supertest\lib\test.js:131:12)
    at emitCloseNT (net.js:1555:8)
    at _combinedTickCallback (internal/process/next_tick.js:71:11)
    at process._tickDomainCallback (internal/process/next_tick.js:122:9)
  

  17) Use CRUD tests should be able to get a single Use that has an orphaned user reference:
     Error: expected 200 "OK", got 422 "Unprocessable Entity"
    at Test._assertStatus (node_modules\supertest\lib\test.js:266:12)
    at Test._assertFunction (node_modules\supertest\lib\test.js:281:11)
    at Test.assert (node_modules\supertest\lib\test.js:171:18)
    at Server.assert (node_modules\supertest\lib\test.js:131:12)
    at emitCloseNT (net.js:1555:8)
    at _combinedTickCallback (internal/process/next_tick.js:71:11)
    at process._tickDomainCallback (internal/process/next_tick.js:122:9)
  

  18) Plant Model Unit Tests: Method Save should be able to save without problems:
     Uncaught AssertionError: expected MongooseError {
  errors: Object {
    commonName: MongooseError {
      message: 'Please fill Plant name',
      name: 'ValidatorError',
      properties: Object {
        type: 'required',
        message: 'Please fill Plant name',
        validator: Function { name: '' },
        path: 'commonName',
        value: ''
      },
      kind: 'required',
      path: 'commonName',
      value: '',
      reason: undefined
    }
  },
  message: 'Plant validation failed',
  name: 'ValidationError'
} to not exist
    at modules\plants\tests\server\plant.server.model.tests.js:45:20
    at node_modules\mongoose\lib\model.js:3743:16
    at node_modules\mongoose\lib\services\model\applyHooks.js:153:17
    at _combinedTickCallback (internal/process/next_tick.js:67:7)
    at process._tickDomainCallback (internal/process/next_tick.js:122:9)
  

  19) Plant Model Unit Tests: Method Save should be able to show an error when try to save without name:
     Error: Resolution method is overspecified. Specify a callback *or* return a Promise; not both.
    at modules\plants\tests\server\plant.server.model.tests.js:55:9
    at node_modules\mongoose\lib\model.js:3743:16
    at node_modules\mongoose\lib\services\model\applyHooks.js:153:17
    at _combinedTickCallback (internal/process/next_tick.js:67:7)
    at process._tickDomainCallback (internal/process/next_tick.js:122:9)
  

  20) Plant CRUD tests should be able to save a Plant if logged in:
     Error: expected 200 "OK", got 422 "Unprocessable Entity"
    at Test._assertStatus (node_modules\supertest\lib\test.js:266:12)
    at Test._assertFunction (node_modules\supertest\lib\test.js:281:11)
    at Test.assert (node_modules\supertest\lib\test.js:171:18)
    at Server.assert (node_modules\supertest\lib\test.js:131:12)
    at emitCloseNT (net.js:1555:8)
    at _combinedTickCallback (internal/process/next_tick.js:71:11)
    at process._tickDomainCallback (internal/process/next_tick.js:122:9)
  

  21) Plant CRUD tests should not be able to save an Plant if no name is provided:
     Error: expected 200 "OK", got 422 "Unprocessable Entity"
    at Test._assertStatus (node_modules\supertest\lib\test.js:266:12)
    at Test._assertFunction (node_modules\supertest\lib\test.js:281:11)
    at Test.assert (node_modules\supertest\lib\test.js:171:18)
    at Server.assert (node_modules\supertest\lib\test.js:131:12)
    at emitCloseNT (net.js:1555:8)
    at _combinedTickCallback (internal/process/next_tick.js:71:11)
    at process._tickDomainCallback (internal/process/next_tick.js:122:9)
  

  22) Plant CRUD tests should be able to update an Plant if signed in:
     Error: expected 200 "OK", got 422 "Unprocessable Entity"
    at Test._assertStatus (node_modules\supertest\lib\test.js:266:12)
    at Test._assertFunction (node_modules\supertest\lib\test.js:281:11)
    at Test.assert (node_modules\supertest\lib\test.js:171:18)
    at Server.assert (node_modules\supertest\lib\test.js:131:12)
    at emitCloseNT (net.js:1555:8)
    at _combinedTickCallback (internal/process/next_tick.js:71:11)
    at process._tickDomainCallback (internal/process/next_tick.js:122:9)
  

  23) Plant CRUD tests should be able to get a list of Plants if not signed in:
     Uncaught AssertionError: expected Array [] to have property length of 1 (got 0)
    at Assertion.fail (node_modules\should\cjs\should.js:258:17)
    at Assertion.value (node_modules\should\cjs\should.js:335:19)
    at Test.<anonymous> (modules\plants\tests\server\plant.server.routes.tests.js:203:57)
    at Test.assert (node_modules\supertest\lib\test.js:179:6)
    at Server.assert (node_modules\supertest\lib\test.js:131:12)
    at emitCloseNT (net.js:1555:8)
    at _combinedTickCallback (internal/process/next_tick.js:71:11)
    at process._tickDomainCallback (internal/process/next_tick.js:122:9)
  

  24) Plant CRUD tests should be able to get a single Plant if not signed in:
     Uncaught AssertionError: expected Object { message: 'No Plant with that identifier has been found' } to have property name
    at Assertion.fail (node_modules\should\cjs\should.js:258:17)
    at Assertion.value [as property] (node_modules\should\cjs\should.js:335:19)
    at Test.<anonymous> (modules\plants\tests\server\plant.server.routes.tests.js:221:58)
    at Test.assert (node_modules\supertest\lib\test.js:179:6)
    at Server.assert (node_modules\supertest\lib\test.js:131:12)
    at emitCloseNT (net.js:1555:8)
    at _combinedTickCallback (internal/process/next_tick.js:71:11)
    at process._tickDomainCallback (internal/process/next_tick.js:122:9)
  

  25) Plant CRUD tests should be able to delete an Plant if signed in:
     Error: expected 200 "OK", got 422 "Unprocessable Entity"
    at Test._assertStatus (node_modules\supertest\lib\test.js:266:12)
    at Test._assertFunction (node_modules\supertest\lib\test.js:281:11)
    at Test.assert (node_modules\supertest\lib\test.js:171:18)
    at Server.assert (node_modules\supertest\lib\test.js:131:12)
    at emitCloseNT (net.js:1555:8)
    at _combinedTickCallback (internal/process/next_tick.js:71:11)
    at process._tickDomainCallback (internal/process/next_tick.js:122:9)
  

  26) Plant CRUD tests should not be able to delete an Plant if not signed in:
     Uncaught AssertionError: expected 'No Plant with that identifier has been found' to match 'User is not authorized'
    at Assertion.fail (node_modules\should\cjs\should.js:258:17)
    at Assertion.value (node_modules\should\cjs\should.js:335:19)
    at Test.<anonymous> (modules\plants\tests\server\plant.server.routes.tests.js:310:48)
    at Test.assert (node_modules\supertest\lib\test.js:179:6)
    at Server.assert (node_modules\supertest\lib\test.js:131:12)
    at emitCloseNT (net.js:1555:8)
    at _combinedTickCallback (internal/process/next_tick.js:71:11)
    at process._tickDomainCallback (internal/process/next_tick.js:122:9)
  

  27) Plant CRUD tests should be able to get a single Plant that has an orphaned user reference:
     Error: expected 200 "OK", got 422 "Unprocessable Entity"
    at Test._assertStatus (node_modules\supertest\lib\test.js:266:12)
    at Test._assertFunction (node_modules\supertest\lib\test.js:281:11)
    at Test.assert (node_modules\supertest\lib\test.js:171:18)
    at Server.assert (node_modules\supertest\lib\test.js:131:12)
    at emitCloseNT (net.js:1555:8)
    at _combinedTickCallback (internal/process/next_tick.js:71:11)
    at process._tickDomainCallback (internal/process/next_tick.js:122:9)
  

  28) Theme Model Unit Tests: Method Save should be able to save without problems:
     Error: Resolution method is overspecified. Specify a callback *or* return a Promise; not both.
    at modules\plants\tests\server\theme.server.model.tests.js:46:9
    at node_modules\mongoose\lib\model.js:3743:16
    at node_modules\mongoose\lib\services\model\applyHooks.js:148:20
    at _combinedTickCallback (internal/process/next_tick.js:67:7)
    at process._tickDomainCallback (internal/process/next_tick.js:122:9)
  

  29) Theme Model Unit Tests: Method Save should be able to show an error when try to save without name:
     Error: Resolution method is overspecified. Specify a callback *or* return a Promise; not both.
    at modules\plants\tests\server\theme.server.model.tests.js:55:9
    at node_modules\mongoose\lib\model.js:3743:16
    at node_modules\mongoose\lib\services\model\applyHooks.js:153:17
    at _combinedTickCallback (internal/process/next_tick.js:67:7)
    at process._tickDomainCallback (internal/process/next_tick.js:122:9)
  

  30) Theme CRUD tests should be able to save a Theme if logged in:
     Error: expected 200 "OK", got 422 "Unprocessable Entity"
    at Test._assertStatus (node_modules\supertest\lib\test.js:266:12)
    at Test._assertFunction (node_modules\supertest\lib\test.js:281:11)
    at Test.assert (node_modules\supertest\lib\test.js:171:18)
    at Server.assert (node_modules\supertest\lib\test.js:131:12)
    at emitCloseNT (net.js:1555:8)
    at _combinedTickCallback (internal/process/next_tick.js:71:11)
    at process._tickDomainCallback (internal/process/next_tick.js:122:9)
  

  31) Theme CRUD tests should not be able to save an Theme if no name is provided:
     Error: expected 200 "OK", got 422 "Unprocessable Entity"
    at Test._assertStatus (node_modules\supertest\lib\test.js:266:12)
    at Test._assertFunction (node_modules\supertest\lib\test.js:281:11)
    at Test.assert (node_modules\supertest\lib\test.js:171:18)
    at Server.assert (node_modules\supertest\lib\test.js:131:12)
    at emitCloseNT (net.js:1555:8)
    at _combinedTickCallback (internal/process/next_tick.js:71:11)
    at process._tickDomainCallback (internal/process/next_tick.js:122:9)
  

  32) Theme CRUD tests should be able to update an Theme if signed in:
     Error: expected 200 "OK", got 422 "Unprocessable Entity"
    at Test._assertStatus (node_modules\supertest\lib\test.js:266:12)
    at Test._assertFunction (node_modules\supertest\lib\test.js:281:11)
    at Test.assert (node_modules\supertest\lib\test.js:171:18)
    at Server.assert (node_modules\supertest\lib\test.js:131:12)
    at emitCloseNT (net.js:1555:8)
    at _combinedTickCallback (internal/process/next_tick.js:71:11)
    at process._tickDomainCallback (internal/process/next_tick.js:122:9)
  

  33) Theme CRUD tests should be able to delete an Theme if signed in:
     Error: expected 200 "OK", got 422 "Unprocessable Entity"
    at Test._assertStatus (node_modules\supertest\lib\test.js:266:12)
    at Test._assertFunction (node_modules\supertest\lib\test.js:281:11)
    at Test.assert (node_modules\supertest\lib\test.js:171:18)
    at Server.assert (node_modules\supertest\lib\test.js:131:12)
    at emitCloseNT (net.js:1555:8)
    at _combinedTickCallback (internal/process/next_tick.js:71:11)
    at process._tickDomainCallback (internal/process/next_tick.js:122:9)
  

  34) Theme CRUD tests should be able to get a single Theme that has an orphaned user reference:
     Error: expected 200 "OK", got 422 "Unprocessable Entity"
    at Test._assertStatus (node_modules\supertest\lib\test.js:266:12)
    at Test._assertFunction (node_modules\supertest\lib\test.js:281:11)
    at Test.assert (node_modules\supertest\lib\test.js:171:18)
    at Server.assert (node_modules\supertest\lib\test.js:131:12)
    at emitCloseNT (net.js:1555:8)
    at _combinedTickCallback (internal/process/next_tick.js:71:11)
    at process._tickDomainCallback (internal/process/next_tick.js:122:9)
  

  35) Poi Model Unit Tests: Method Save should be able to save without problems:
     Uncaught AssertionError: expected MongooseError {
  errors: Object {
    'coords.latitude': MongooseError {
      message: 'Please fill Poi latitude',
      name: 'ValidatorError',
      properties: Object {
        type: 'required',
        message: 'Please fill Poi latitude',
        validator: Function { name: '' },
        path: 'coords.latitude',
        value: undefined
      },
      kind: 'required',
      path: 'coords.latitude',
      value: undefined,
      reason: undefined
    },
    'coords.longitude': MongooseError {
      message: 'Please fill Poi longitude',
      name: 'ValidatorError',
      properties: Object {
        type: 'required',
        message: 'Please fill Poi longitude',
        validator: Function { name: '' },
        path: 'coords.longitude',
        value: undefined
      },
      kind: 'required',
      path: 'coords.longitude',
      value: undefined,
      reason: undefined
    },
    desc: MongooseError {
      message: 'Please fill Poi desc',
      name: 'ValidatorError',
      properties: Object {
        type: 'required',
        message: 'Please fill Poi desc',
        validator: Function { name: '' },
        path: 'desc',
        value: ''
      },
      kind: 'required',
      path: 'desc',
      value: '',
      reason: undefined
    }
  },
  message: 'Poi validation failed',
  name: 'ValidationError'
} to not exist
    at modules\pois\tests\server\poi.server.model.tests.js:45:20
    at node_modules\mongoose\lib\model.js:3743:16
    at node_modules\mongoose\lib\services\model\applyHooks.js:153:17
    at _combinedTickCallback (internal/process/next_tick.js:67:7)
    at process._tickDomainCallback (internal/process/next_tick.js:122:9)
  

  36) Poi Model Unit Tests: Method Save should be able to show an error when try to save without name:
     Error: Resolution method is overspecified. Specify a callback *or* return a Promise; not both.
    at modules\pois\tests\server\poi.server.model.tests.js:55:9
    at node_modules\mongoose\lib\model.js:3743:16
    at node_modules\mongoose\lib\services\model\applyHooks.js:153:17
    at _combinedTickCallback (internal/process/next_tick.js:67:7)
    at process._tickDomainCallback (internal/process/next_tick.js:122:9)
  

  37) Poi CRUD tests should be able to save a Poi if logged in:
     Error: expected 200 "OK", got 422 "Unprocessable Entity"
    at Test._assertStatus (node_modules\supertest\lib\test.js:266:12)
    at Test._assertFunction (node_modules\supertest\lib\test.js:281:11)
    at Test.assert (node_modules\supertest\lib\test.js:171:18)
    at Server.assert (node_modules\supertest\lib\test.js:131:12)
    at emitCloseNT (net.js:1555:8)
    at _combinedTickCallback (internal/process/next_tick.js:71:11)
    at process._tickDomainCallback (internal/process/next_tick.js:122:9)
  

  38) Poi CRUD tests should not be able to save an Poi if no name is provided:
     Error: expected 200 "OK", got 422 "Unprocessable Entity"
    at Test._assertStatus (node_modules\supertest\lib\test.js:266:12)
    at Test._assertFunction (node_modules\supertest\lib\test.js:281:11)
    at Test.assert (node_modules\supertest\lib\test.js:171:18)
    at Server.assert (node_modules\supertest\lib\test.js:131:12)
    at emitCloseNT (net.js:1555:8)
    at _combinedTickCallback (internal/process/next_tick.js:71:11)
    at process._tickDomainCallback (internal/process/next_tick.js:122:9)
  

  39) Poi CRUD tests should be able to update an Poi if signed in:
     Error: expected 200 "OK", got 422 "Unprocessable Entity"
    at Test._assertStatus (node_modules\supertest\lib\test.js:266:12)
    at Test._assertFunction (node_modules\supertest\lib\test.js:281:11)
    at Test.assert (node_modules\supertest\lib\test.js:171:18)
    at Server.assert (node_modules\supertest\lib\test.js:131:12)
    at emitCloseNT (net.js:1555:8)
    at _combinedTickCallback (internal/process/next_tick.js:71:11)
    at process._tickDomainCallback (internal/process/next_tick.js:122:9)
  

  40) Poi CRUD tests should be able to get a list of Pois if not signed in:
     Uncaught AssertionError: expected Array [] to have property length of 1 (got 0)
    at Assertion.fail (node_modules\should\cjs\should.js:258:17)
    at Assertion.value (node_modules\should\cjs\should.js:335:19)
    at Test.<anonymous> (modules\pois\tests\server\poi.server.routes.tests.js:203:57)
    at Test.assert (node_modules\supertest\lib\test.js:179:6)
    at Server.assert (node_modules\supertest\lib\test.js:131:12)
    at emitCloseNT (net.js:1555:8)
    at _combinedTickCallback (internal/process/next_tick.js:71:11)
    at process._tickDomainCallback (internal/process/next_tick.js:122:9)
  

  41) Poi CRUD tests should be able to get a single Poi if not signed in:
     Uncaught AssertionError: expected Object { message: 'No Poi with that identifier has been found' } to have property name
    at Assertion.fail (node_modules\should\cjs\should.js:258:17)
    at Assertion.value [as property] (node_modules\should\cjs\should.js:335:19)
    at Test.<anonymous> (modules\pois\tests\server\poi.server.routes.tests.js:221:58)
    at Test.assert (node_modules\supertest\lib\test.js:179:6)
    at Server.assert (node_modules\supertest\lib\test.js:131:12)
    at emitCloseNT (net.js:1555:8)
    at _combinedTickCallback (internal/process/next_tick.js:71:11)
    at process._tickDomainCallback (internal/process/next_tick.js:122:9)
  

  42) Poi CRUD tests should be able to delete an Poi if signed in:
     Error: expected 200 "OK", got 422 "Unprocessable Entity"
    at Test._assertStatus (node_modules\supertest\lib\test.js:266:12)
    at Test._assertFunction (node_modules\supertest\lib\test.js:281:11)
    at Test.assert (node_modules\supertest\lib\test.js:171:18)
    at Server.assert (node_modules\supertest\lib\test.js:131:12)
    at emitCloseNT (net.js:1555:8)
    at _combinedTickCallback (internal/process/next_tick.js:71:11)
    at process._tickDomainCallback (internal/process/next_tick.js:122:9)
  

  43) Poi CRUD tests should not be able to delete an Poi if not signed in:
     Uncaught AssertionError: expected 'No Poi with that identifier has been found' to match 'User is not authorized'
    at Assertion.fail (node_modules\should\cjs\should.js:258:17)
    at Assertion.value (node_modules\should\cjs\should.js:335:19)
    at Test.<anonymous> (modules\pois\tests\server\poi.server.routes.tests.js:310:46)
    at Test.assert (node_modules\supertest\lib\test.js:179:6)
    at Server.assert (node_modules\supertest\lib\test.js:131:12)
    at emitCloseNT (net.js:1555:8)
    at _combinedTickCallback (internal/process/next_tick.js:71:11)
    at process._tickDomainCallback (internal/process/next_tick.js:122:9)
  

  44) Poi CRUD tests should be able to get a single Poi that has an orphaned user reference:
     Error: expected 200 "OK", got 422 "Unprocessable Entity"
    at Test._assertStatus (node_modules\supertest\lib\test.js:266:12)
    at Test._assertFunction (node_modules\supertest\lib\test.js:281:11)
    at Test.assert (node_modules\supertest\lib\test.js:171:18)
    at Server.assert (node_modules\supertest\lib\test.js:131:12)
    at emitCloseNT (net.js:1555:8)
    at _combinedTickCallback (internal/process/next_tick.js:71:11)
    at process._tickDomainCallback (internal/process/next_tick.js:122:9)
  



Disconnected from MongoDB.
[11:45:06] 'mocha' errored after 17 s
[11:45:06] Error in plugin 'gulp-mocha'
Message:
    44 tests failed.
[11:45:06] 'test' errored after 25 s
[11:45:06] Error in plugin 'run-sequence(mocha)'
Message:
    44 tests failed.
Stack:
  at finish (C:\Users\user\Home\FT\private\meanjs\node_modules\run-sequence\index.js:56:13)
  at Gulp.onError (C:\Users\user\Home\FT\private\meanjs\node_modules\run-sequence\index.js:67:4)
  at emitOne (events.js:101:20)
  at Gulp.emit (events.js:188:7)
  at Gulp.Orchestrator._emitTaskDone (C:\Users\user\Home\FT\private\meanjs\node_modules\orchestrator\index.js:264:8)
  at C:\Users\user\Home\FT\private\meanjs\node_modules\orchestrator\index.js:275:23
  at finish (C:\Users\user\Home\FT\private\meanjs\node_modules\orchestrator\lib\runTask.js:21:8)
  at cb (C:\Users\user\Home\FT\private\meanjs\node_modules\orchestrator\lib\runTask.js:29:3)
  at C:\Users\user\Home\FT\private\meanjs\gulpfile.js:310:11
  at C:\Users\user\Home\FT\private\meanjs\config\lib\mongoose.js:46:5
  at C:\Users\user\Home\FT\private\meanjs\node_modules\mongoose\lib\index.js:271:11
  at Mongoose.disconnect (C:\Users\user\Home\FT\private\meanjs\node_modules\mongoose\lib\index.js:270:37)
  at Object.module.exports.disconnect (C:\Users\user\Home\FT\private\meanjs\config\lib\mongoose.js:44:12)
  at Stream.<anonymous> (C:\Users\user\Home\FT\private\meanjs\gulpfile.js:309:18)
  at emitNone (events.js:91:20)
  at Stream.emit (events.js:185:7)
  at C:\Users\user\Home\FT\private\meanjs\node_modules\gulp-mocha\index.js:65:11
  at done (C:\Users\user\Home\FT\private\meanjs\node_modules\mocha\lib\mocha.js:517:13)
  at Runner.<anonymous> (C:\Users\user\Home\FT\private\meanjs\node_modules\mocha\lib\runner.js:826:5)
  at emitNone (events.js:91:20)
  at Runner.emit (events.js:185:7)
  at C:\Users\user\Home\FT\private\meanjs\node_modules\mocha\lib\runner.js:813:12
  at C:\Users\user\Home\FT\private\meanjs\node_modules\mocha\lib\runner.js:661:9
  at next (C:\Users\user\Home\FT\private\meanjs\node_modules\mocha\lib\runner.js:295:14)
  at Immediate.<anonymous> (C:\Users\user\Home\FT\private\meanjs\node_modules\mocha\lib\runner.js:339:5)
  at runCallback (timers.js:649:20)
  at tryOnImmediate (timers.js:622:5)
  at processImmediate [as _immediateCallback] (timers.js:594:5)

[11:45:06] 'test:server' errored after 25 s
[11:45:06] Error in plugin 'run-sequence(test)'
Message:
    44 tests failed.
Stack:
  at finish (C:\Users\user\Home\FT\private\meanjs\node_modules\run-sequence\index.js:56:13)
  at Gulp.onError (C:\Users\user\Home\FT\private\meanjs\node_modules\run-sequence\index.js:67:4)
  at emitOne (events.js:101:20)
  at Gulp.emit (events.js:188:7)
  at Gulp.Orchestrator._emitTaskDone (C:\Users\user\Home\FT\private\meanjs\node_modules\orchestrator\index.js:264:8)
  at C:\Users\user\Home\FT\private\meanjs\node_modules\orchestrator\index.js:275:23
  at finish (C:\Users\user\Home\FT\private\meanjs\node_modules\orchestrator\lib\runTask.js:21:8)
  at cb (C:\Users\user\Home\FT\private\meanjs\node_modules\orchestrator\lib\runTask.js:29:3)
  at finish (C:\Users\user\Home\FT\private\meanjs\node_modules\run-sequence\index.js:60:5)
  at Gulp.onError (C:\Users\user\Home\FT\private\meanjs\node_modules\run-sequence\index.js:67:4)
  at emitOne (events.js:101:20)
  at Gulp.emit (events.js:188:7)
  at Gulp.Orchestrator._emitTaskDone (C:\Users\user\Home\FT\private\meanjs\node_modules\orchestrator\index.js:264:8)
  at C:\Users\user\Home\FT\private\meanjs\node_modules\orchestrator\index.js:275:23
  at finish (C:\Users\user\Home\FT\private\meanjs\node_modules\orchestrator\lib\runTask.js:21:8)
  at cb (C:\Users\user\Home\FT\private\meanjs\node_modules\orchestrator\lib\runTask.js:29:3)
  at C:\Users\user\Home\FT\private\meanjs\gulpfile.js:310:11
  at C:\Users\user\Home\FT\private\meanjs\config\lib\mongoose.js:46:5
  at C:\Users\user\Home\FT\private\meanjs\node_modules\mongoose\lib\index.js:271:11
  at Mongoose.disconnect (C:\Users\user\Home\FT\private\meanjs\node_modules\mongoose\lib\index.js:270:37)
  at Object.module.exports.disconnect (C:\Users\user\Home\FT\private\meanjs\config\lib\mongoose.js:44:12)
  at Stream.<anonymous> (C:\Users\user\Home\FT\private\meanjs\gulpfile.js:309:18)
  at emitNone (events.js:91:20)
  at Stream.emit (events.js:185:7)
  at C:\Users\user\Home\FT\private\meanjs\node_modules\gulp-mocha\index.js:65:11
  at done (C:\Users\user\Home\FT\private\meanjs\node_modules\mocha\lib\mocha.js:517:13)
  at Runner.<anonymous> (C:\Users\user\Home\FT\private\meanjs\node_modules\mocha\lib\runner.js:826:5)
  at emitNone (events.js:91:20)
  at Runner.emit (events.js:185:7)
  at C:\Users\user\Home\FT\private\meanjs\node_modules\mocha\lib\runner.js:813:12
  at C:\Users\user\Home\FT\private\meanjs\node_modules\mocha\lib\runner.js:661:9
  at next (C:\Users\user\Home\FT\private\meanjs\node_modules\mocha\lib\runner.js:295:14)
  at Immediate.<anonymous> (C:\Users\user\Home\FT\private\meanjs\node_modules\mocha\lib\runner.js:339:5)
  at runCallback (timers.js:649:20)
  at tryOnImmediate (timers.js:622:5)
  at processImmediate [as _immediateCallback] (timers.js:594:5)

[11:45:06] 'test:server' errored after 25 s
[11:45:06] Error in plugin 'run-sequence(mocha)'
Message:
    44 tests failed.
Stack:
  at finish (C:\Users\user\Home\FT\private\meanjs\node_modules\run-sequence\index.js:56:13)
  at Gulp.onError (C:\Users\user\Home\FT\private\meanjs\node_modules\run-sequence\index.js:67:4)
  at emitOne (events.js:101:20)
  at Gulp.emit (events.js:188:7)
  at Gulp.Orchestrator._emitTaskDone (C:\Users\user\Home\FT\private\meanjs\node_modules\orchestrator\index.js:264:8)
  at C:\Users\user\Home\FT\private\meanjs\node_modules\orchestrator\index.js:275:23
  at finish (C:\Users\user\Home\FT\private\meanjs\node_modules\orchestrator\lib\runTask.js:21:8)
  at cb (C:\Users\user\Home\FT\private\meanjs\node_modules\orchestrator\lib\runTask.js:29:3)
  at C:\Users\user\Home\FT\private\meanjs\gulpfile.js:310:11
  at C:\Users\user\Home\FT\private\meanjs\config\lib\mongoose.js:46:5
  at C:\Users\user\Home\FT\private\meanjs\node_modules\mongoose\lib\index.js:271:11
  at Mongoose.disconnect (C:\Users\user\Home\FT\private\meanjs\node_modules\mongoose\lib\index.js:270:37)
  at Object.module.exports.disconnect (C:\Users\user\Home\FT\private\meanjs\config\lib\mongoose.js:44:12)
  at Stream.<anonymous> (C:\Users\user\Home\FT\private\meanjs\gulpfile.js:309:18)
  at emitNone (events.js:91:20)
  at Stream.emit (events.js:185:7)
  at C:\Users\user\Home\FT\private\meanjs\node_modules\gulp-mocha\index.js:65:11
  at done (C:\Users\user\Home\FT\private\meanjs\node_modules\mocha\lib\mocha.js:517:13)
  at Runner.<anonymous> (C:\Users\user\Home\FT\private\meanjs\node_modules\mocha\lib\runner.js:826:5)
  at emitNone (events.js:91:20)
  at Runner.emit (events.js:185:7)
  at C:\Users\user\Home\FT\private\meanjs\node_modules\mocha\lib\runner.js:813:12
  at C:\Users\user\Home\FT\private\meanjs\node_modules\mocha\lib\runner.js:661:9
  at next (C:\Users\user\Home\FT\private\meanjs\node_modules\mocha\lib\runner.js:295:14)
  at Immediate.<anonymous> (C:\Users\user\Home\FT\private\meanjs\node_modules\mocha\lib\runner.js:339:5)
  at runCallback (timers.js:649:20)
  at tryOnImmediate (timers.js:622:5)
  at processImmediate [as _immediateCallback] (timers.js:594:5)

